<?xml version="1.0" encoding="UTF-8"?>
<testsuite xmlns:xsi="http://www.w3.org/2001/XMLSchema-instance" xsi:noNamespaceSchemaLocation="https://maven.apache.org/surefire/maven-surefire-plugin/xsd/surefire-test-report-3.0.xsd" version="3.0" name="dev.bernalvarela.wiremock.extensions.StructuredJsonLoggingListenerTest" time="1.959" tests="8" errors="0" skipped="0" failures="0">
  <properties>
[...]
</properties>
  <testcase name="givenResponseWithEmptyHeaders_whenBeforeResponseSent_thenLogsEmptyResponseHeaders" classname="dev.bernalvarela.wiremock.extensions.StructuredJsonLoggingListenerTest" time="1.746">
    <system-err><![CDATA[WARNING: A Java agent has been loaded dynamically (C:\Users\bvarela\.m2\repository\net\bytebuddy\byte-buddy-agent\1.14.15\byte-buddy-agent-1.14.15.jar)
WARNING: If a serviceability tool is in use, please run with -XX:+EnableDynamicAgentLoading to hide this warning
WARNING: If a serviceability tool is not in use, please run with -Djdk.instrument.traceUsage for more information
WARNING: Dynamic loading of agents will be disallowed by default in a future release
]]></system-err>
  </testcase>
  <testcase name="givenTextRequestAndResponse_whenBeforeResponseSent_thenLogsFullJson" classname="dev.bernalvarela.wiremock.extensions.StructuredJsonLoggingListenerTest" time="0.027"/>
  <testcase name="givenResponseWithInvalidBase64_whenBeforeResponseSent_thenDoesNotSanitizeField" classname="dev.bernalvarela.wiremock.extensions.StructuredJsonLoggingListenerTest" time="0.002"/>
  <testcase name="givenResponseWithNestedBase64_whenBeforeResponseSent_thenSanitizesField" classname="dev.bernalvarela.wiremock.extensions.StructuredJsonLoggingListenerTest" time="0.001"/>
  <testcase name="givenMultipartRequest_whenBeforeResponseSent_thenLogsRequestWithBinaryPlaceholder" classname="dev.bernalvarela.wiremock.extensions.StructuredJsonLoggingListenerTest" time="0.002"/>
  <testcase name="givenResponseWithTopLevelBase64_whenBeforeResponseSent_thenSanitizesField" classname="dev.bernalvarela.wiremock.extensions.StructuredJsonLoggingListenerTest" time="0.002"/>
  <testcase name="givenPdfRequest_whenBeforeResponseSent_thenLogsRequestWithBinaryPlaceholder" classname="dev.bernalvarela.wiremock.extensions.StructuredJsonLoggingListenerTest" time="0.002"/>
  <testcase name="givenResponseWithShortBase64_whenBeforeResponseSent_thenDoesNotSanitizeField" classname="dev.bernalvarela.wiremock.extensions.StructuredJsonLoggingListenerTest" time="0.002"/>
</testsuite>